<?xml version="1.0" encoding="UTF-8"?>
<!-- Generated by org.testng.reporters.JUnitXMLReporter -->
<testsuite ignored="0" hostname="DESKTOP-H92AA89" failures="0" tests="5" name="Default test" time="0.175" errors="0" timestamp="2023-01-28T10:25:13 IST">
  <testcase classname="day29Dec22.DataParameterization" name="test1" time="0.007"/>
  <testcase classname="day29Dec22.DataParameterization" name="test1" time="0.002"/>
  <testcase classname="day29Dec22.DataParameterization" name="test2" time="0.003"/>
  <testcase classname="day29Dec22.DataParameterization" name="test2" time="0.009"/>
  <testcase classname="day29Dec22.DataParameterization" name="test2" time="0.007"/>
</testsuite> <!-- Default test -->
