<?xml version="1.0" encoding="UTF-8"?>
<!-- Generated by org.testng.reporters.JUnitXMLReporter -->
<testsuite ignored="0" hostname="DESKTOP-H92AA89" failures="2" tests="2" name="Test" time="2.147" errors="0" timestamp="2023-02-14T17:35:50 IST">
  <testcase classname="gridproject.GoogleTest" name="GTest" time="1.923">
    <failure type="org.openqa.selenium.SessionNotCreatedException" message="Could not start a new session. Response code 404. Message: Unable to find handler for (POST) /session 
Host info: host: &amp;apos;DESKTOP-H92AA89&amp;apos;, ip: &amp;apos;192.168.31.133&amp;apos;
Build info: version: &amp;apos;4.6.0&amp;apos;, revision: &amp;apos;79f1c02ae20&amp;apos;
System info: os.name: &amp;apos;Windows 10&amp;apos;, os.arch: &amp;apos;amd64&amp;apos;, os.version: &amp;apos;10.0&amp;apos;, java.version: &amp;apos;17.0.5&amp;apos;
Driver info: org.openqa.selenium.remote.RemoteWebDriver
Command: [null, newSession {capabilities=[Capabilities {browserName: firefox}], desiredCapabilities=Capabilities {browserName: firefox}}]
Capabilities {}">
      <![CDATA[org.openqa.selenium.SessionNotCreatedException: Could not start a new session. Response code 404. Message: Unable to find handler for (POST) /session 
Host info: host: 'DESKTOP-H92AA89', ip: '192.168.31.133'
Build info: version: '4.6.0', revision: '79f1c02ae20'
System info: os.name: 'Windows 10', os.arch: 'amd64', os.version: '10.0', java.version: '17.0.5'
Driver info: org.openqa.selenium.remote.RemoteWebDriver
Command: [null, newSession {capabilities=[Capabilities {browserName: firefox}], desiredCapabilities=Capabilities {browserName: firefox}}]
Capabilities {}
at org.openqa.selenium.remote.ProtocolHandshake.createSession(ProtocolHandshake.java:146)
at org.openqa.selenium.remote.ProtocolHandshake.createSession(ProtocolHandshake.java:101)
at org.openqa.selenium.remote.ProtocolHandshake.createSession(ProtocolHandshake.java:67)
at org.openqa.selenium.remote.HttpCommandExecutor.execute(HttpCommandExecutor.java:156)
at org.openqa.selenium.remote.TracedCommandExecutor.execute(TracedCommandExecutor.java:51)
at org.openqa.selenium.remote.RemoteWebDriver.execute(RemoteWebDriver.java:541)
at org.openqa.selenium.remote.RemoteWebDriver.startSession(RemoteWebDriver.java:242)
at org.openqa.selenium.remote.RemoteWebDriver.<init>(RemoteWebDriver.java:157)
at org.openqa.selenium.remote.RemoteWebDriver.<init>(RemoteWebDriver.java:139)
at gridproject.GoogleTest.GTest(GoogleTest.java:21)
at java.base/java.util.ArrayList.forEach(ArrayList.java:1511)
... Removed 27 stack frames]]>
    </failure>
  </testcase> <!-- GTest -->
  <testcase classname="gridproject.AmazonTest" name="AMTest" time="0.089">
    <failure type="org.openqa.selenium.SessionNotCreatedException" message="Could not start a new session. Response code 404. Message: Unable to find handler for (POST) /session 
Host info: host: &amp;apos;DESKTOP-H92AA89&amp;apos;, ip: &amp;apos;192.168.31.133&amp;apos;
Build info: version: &amp;apos;4.6.0&amp;apos;, revision: &amp;apos;79f1c02ae20&amp;apos;
System info: os.name: &amp;apos;Windows 10&amp;apos;, os.arch: &amp;apos;amd64&amp;apos;, os.version: &amp;apos;10.0&amp;apos;, java.version: &amp;apos;17.0.5&amp;apos;
Driver info: org.openqa.selenium.remote.RemoteWebDriver
Command: [null, newSession {capabilities=[Capabilities {browserName: edge}], desiredCapabilities=Capabilities {browserName: edge}}]
Capabilities {}">
      <![CDATA[org.openqa.selenium.SessionNotCreatedException: Could not start a new session. Response code 404. Message: Unable to find handler for (POST) /session 
Host info: host: 'DESKTOP-H92AA89', ip: '192.168.31.133'
Build info: version: '4.6.0', revision: '79f1c02ae20'
System info: os.name: 'Windows 10', os.arch: 'amd64', os.version: '10.0', java.version: '17.0.5'
Driver info: org.openqa.selenium.remote.RemoteWebDriver
Command: [null, newSession {capabilities=[Capabilities {browserName: edge}], desiredCapabilities=Capabilities {browserName: edge}}]
Capabilities {}
at org.openqa.selenium.remote.ProtocolHandshake.createSession(ProtocolHandshake.java:146)
at org.openqa.selenium.remote.ProtocolHandshake.createSession(ProtocolHandshake.java:101)
at org.openqa.selenium.remote.ProtocolHandshake.createSession(ProtocolHandshake.java:67)
at org.openqa.selenium.remote.HttpCommandExecutor.execute(HttpCommandExecutor.java:156)
at org.openqa.selenium.remote.TracedCommandExecutor.execute(TracedCommandExecutor.java:51)
at org.openqa.selenium.remote.RemoteWebDriver.execute(RemoteWebDriver.java:541)
at org.openqa.selenium.remote.RemoteWebDriver.startSession(RemoteWebDriver.java:242)
at org.openqa.selenium.remote.RemoteWebDriver.<init>(RemoteWebDriver.java:157)
at org.openqa.selenium.remote.RemoteWebDriver.<init>(RemoteWebDriver.java:139)
at gridproject.AmazonTest.AMTest(AmazonTest.java:16)
at java.base/java.util.ArrayList.forEach(ArrayList.java:1511)
... Removed 27 stack frames]]>
    </failure>
  </testcase> <!-- AMTest -->
</testsuite> <!-- Test -->
